<?xml version="1.0" encoding="UTF-8"?>
<!-- Generated by org.testng.reporters.JUnitReportReporter -->
<testsuite hostname="DESKTOP-MB4AVPT" failures="0" tests="1" name="cucumberOptions.TestNGTestRunner" time="91.862" errors="0" timestamp="2024-06-06T15:59:54 IST" skipped="0">
  <testcase classname="cucumberOptions.TestNGTestRunner" name="runScenario" time="91.862"/>
  <system-out/>
</testsuite> <!-- cucumberOptions.TestNGTestRunner -->
